<?xml version="1.0" encoding="UTF-8"?>
<!-- Generated by org.testng.reporters.JUnitReportReporter -->
<testsuite hostname="DESKTOP-NFU91QR" failures="0" tests="3" name="ExtentReportsTest.MyTestClass" time="38.418" errors="0" timestamp="2022-02-26T18:07:58 IST" skipped="0">
  <testcase classname="ExtentReportsTest.MyTestClass" name="LaunchApp" time="13.268"/>
  <system-out/>
  <testcase classname="ExtentReportsTest.MyTestClass" name="TestLoginToApp" time="18.010"/>
  <system-out/>
  <testcase classname="ExtentReportsTest.MyTestClass" name="logoutFromOrange" time="7.140"/>
  <system-out/>
</testsuite> <!-- ExtentReportsTest.MyTestClass -->
