<?xml version="1.0" encoding="UTF-8"?>
<!-- Generated by org.testng.reporters.JUnitReportReporter -->
<testsuite hostname="DESKTOP-4B5PH76" failures="0" tests="1" name="com.orangeHRM.LeaveMgmt.ApplyLeave" time="2.973" errors="0" timestamp="2021-09-10T23:06:16 IST" skipped="0">
  <testcase classname="com.orangeHRM.LeaveMgmt.ApplyLeave" name="leaveManagement" time="2.973"/>
  <system-out/>
</testsuite> <!-- com.orangeHRM.LeaveMgmt.ApplyLeave -->
