<?xml version="1.0" encoding="UTF-8"?>
<!-- Generated by org.testng.reporters.JUnitReportReporter -->
<testsuite hostname="DESKTOP-NFU91QR" failures="0" tests="1" name="com.orangeHRM.LeaveMgmt.Orange_ApplyLeave" time="25.230" errors="0" timestamp="2022-03-16T19:57:09 IST" skipped="0">
  <testcase classname="com.orangeHRM.LeaveMgmt.Orange_ApplyLeave" name="leaveManagement" time="25.230"/>
  <system-out/>
</testsuite> <!-- com.orangeHRM.LeaveMgmt.Orange_ApplyLeave -->
