<?xml version="1.0" encoding="UTF-8"?>
<!-- Generated by org.testng.reporters.JUnitReportReporter -->
<testsuite hostname="DESKTOP-4B5PH76" failures="0" tests="3" name="ExtentReportsTest.TestClass" time="19.199" errors="0" timestamp="2021-10-02T12:35:19 IST" skipped="0">
  <testcase classname="ExtentReportsTest.TestClass" name="LaunchApp" time="5.359"/>
  <system-out/>
  <testcase classname="ExtentReportsTest.TestClass" name="TestLoginToApp" time="8.731"/>
  <system-out/>
  <testcase classname="ExtentReportsTest.TestClass" name="logoutFromOrange" time="5.109"/>
  <system-out/>
</testsuite> <!-- ExtentReportsTest.TestClass -->
